#-----------------------------------------------------------
# Vivado v2019.1 (64-bit)
# SW Build 2552052 on Fri May 24 14:49:42 MDT 2019
# IP Build 2548770 on Fri May 24 18:01:18 MDT 2019
# Start of session at: Tue Jun 15 22:48:34 2021
# Process ID: 2292
# Current directory: D:/Facultad/Arqui/LAB/TP2/Procesador
# Command line: vivado.exe -gui_launcher_event rodinguilauncherevent12908 D:\Facultad\Arqui\LAB\TP2\Procesador\project_1.xpr
# Log file: D:/Facultad/Arqui/LAB/TP2/Procesador/vivado.log
# Journal file: D:/Facultad/Arqui/LAB/TP2/Procesador\vivado.jou
#-----------------------------------------------------------
start_gui
open_project D:/Facultad/Arqui/LAB/TP2/Procesador/project_1.xpr
Scanning sources...
Finished scanning sources
INFO: [IP_Flow 19-234] Refreshing IP repositories
INFO: [IP_Flow 19-1704] No user IP repositories specified
INFO: [IP_Flow 19-2313] Loaded Vivado IP repository 'D:/VIVADO/Vivado/2019.1/data/ip'.
open_project: Time (s): cpu = 00:00:12 ; elapsed = 00:00:09 . Memory (MB): peak = 703.480 ; gain = 100.020
update_compile_order -fileset sources_1
reset_run synth_1
launch_runs synth_1 -jobs 4
[Tue Jun 15 22:49:27 2021] Launched synth_1...
Run output will be captured here: D:/Facultad/Arqui/LAB/TP2/Procesador/project_1.runs/synth_1/runme.log
exit
INFO: [Common 17-206] Exiting Vivado at Tue Jun 15 22:50:35 2021...
