#-----------------------------------------------------------
# Vivado v2019.1 (64-bit)
# SW Build 2552052 on Fri May 24 14:49:42 MDT 2019
# IP Build 2548770 on Fri May 24 18:01:18 MDT 2019
# Start of session at: Wed Jun 16 14:31:05 2021
# Process ID: 6064
# Current directory: D:/Facultad/Arqui/LAB/TP2/Procesador
# Command line: vivado.exe -gui_launcher_event rodinguilauncherevent6128 D:\Facultad\Arqui\LAB\TP2\Procesador\project_1.xpr
# Log file: D:/Facultad/Arqui/LAB/TP2/Procesador/vivado.log
# Journal file: D:/Facultad/Arqui/LAB/TP2/Procesador\vivado.jou
#-----------------------------------------------------------
start_gui
open_project D:/Facultad/Arqui/LAB/TP2/Procesador/project_1.xpr
Scanning sources...
Finished scanning sources
INFO: [IP_Flow 19-234] Refreshing IP repositories
INFO: [IP_Flow 19-1704] No user IP repositories specified
INFO: [IP_Flow 19-2313] Loaded Vivado IP repository 'D:/VIVADO/Vivado/2019.1/data/ip'.
open_project: Time (s): cpu = 00:00:14 ; elapsed = 00:00:15 . Memory (MB): peak = 705.859 ; gain = 106.871
update_compile_order -fileset sources_1
exit
INFO: [Common 17-206] Exiting Vivado at Wed Jun 16 14:35:45 2021...
